<?xml version="1.0" encoding="UTF-8"?>
<!-- Generated by org.testng.reporters.JUnitXMLReporter -->
<testsuite ignored="0" hostname="DESKTOP-G87HA0I" failures="0" tests="4" name="Test" time="20.235" errors="0" timestamp="2023-02-26T07:45:08 IST">
  <testcase classname="testcases.CreateCourse" name="loginToApplication" time="0.023"/>
  <testcase classname="testcases.CreateCourse" name="test2" time="0.003"/>
  <testcase classname="testcases.LoginTest" name="loginToApplication" time="0.4"/>
  <testcase classname="testcases.LoginTest" name="loginToApplication" time="0.284"/>
</testsuite> <!-- Test -->
