<?xml version="1.0" encoding="UTF-8"?>
<!-- Generated by org.testng.reporters.JUnitXMLReporter -->
<testsuite ignored="0" hostname="DESKTOP-G87HA0I" failures="0" tests="3" name="Test" time="13.288" errors="0" timestamp="2023-02-25T19:42:21 IST">
  <testcase classname="testcases.CreateCourse" name="loginToApplication" time="0.018"/>
  <testcase classname="testcases.LoginTest" name="loginToApplication" time="0.326"/>
  <testcase classname="testcases.LoginTest" name="loginToApplication" time="0.295"/>
</testsuite> <!-- Test -->
