<?xml version="1.0" encoding="UTF-8"?>
<testng-results ignored="0" total="3" passed="3" failed="0" skipped="0">
  <reporter-output>
  </reporter-output>
  <suite started-at="2023-02-25T19:42:07 IST" name="Suite" finished-at="2023-02-25T19:42:20 IST" duration-ms="13288">
    <groups>
    </groups>
    <test started-at="2023-02-25T19:42:07 IST" name="Test" finished-at="2023-02-25T19:42:20 IST" duration-ms="13288">
      <class name="testcases.CreateCourse">
        <test-method is-config="true" signature="setUpBrowser()[pri:0, instance:testcases.CreateCourse@64bce832]" started-at="2023-02-25T19:42:07 IST" name="setUpBrowser" finished-at="2023-02-25T19:42:12 IST" duration-ms="4658" status="PASS">
          <reporter-output>
          </reporter-output>
        </test-method> <!-- setUpBrowser -->
        <test-method signature="loginToApplication()[pri:0, instance:testcases.CreateCourse@64bce832]" started-at="2023-02-25T19:42:12 IST" name="loginToApplication" finished-at="2023-02-25T19:42:12 IST" duration-ms="18" status="PASS">
          <reporter-output>
          </reporter-output>
        </test-method> <!-- loginToApplication -->
        <test-method is-config="true" signature="tearDown()[pri:0, instance:testcases.CreateCourse@64bce832]" started-at="2023-02-25T19:42:12 IST" name="tearDown" finished-at="2023-02-25T19:42:13 IST" duration-ms="317" status="PASS">
          <reporter-output>
          </reporter-output>
        </test-method> <!-- tearDown -->
      </class> <!-- testcases.CreateCourse -->
      <class name="testcases.LoginTest">
        <test-method is-config="true" signature="setUpBrowser()[pri:0, instance:testcases.LoginTest@554e218]" started-at="2023-02-25T19:42:14 IST" name="setUpBrowser" finished-at="2023-02-25T19:42:16 IST" duration-ms="2066" status="PASS">
          <reporter-output>
          </reporter-output>
        </test-method> <!-- setUpBrowser -->
        <test-method signature="loginToApplication(java.lang.String,java.lang.String)[pri:0, instance:testcases.LoginTest@554e218]" started-at="2023-02-25T19:42:16 IST" name="loginToApplication" data-provider="loginDataSet" finished-at="2023-02-25T19:42:16 IST" duration-ms="326" status="PASS">
          <params>
            <param index="0">
              <value>
                <![CDATA[ineuron@ineuron.ai]]>
              </value>
            </param>
            <param index="1">
              <value>
                <![CDATA[ineuron]]>
              </value>
            </param>
          </params>
          <reporter-output>
          </reporter-output>
        </test-method> <!-- loginToApplication -->
        <test-method is-config="true" signature="tearDown()[pri:0, instance:testcases.LoginTest@554e218]" started-at="2023-02-25T19:42:17 IST" name="tearDown" finished-at="2023-02-25T19:42:17 IST" duration-ms="192" status="PASS">
          <reporter-output>
          </reporter-output>
        </test-method> <!-- tearDown -->
        <test-method is-config="true" signature="setUpBrowser()[pri:0, instance:testcases.LoginTest@554e218]" started-at="2023-02-25T19:42:17 IST" name="setUpBrowser" finished-at="2023-02-25T19:42:19 IST" duration-ms="2397" status="PASS">
          <reporter-output>
          </reporter-output>
        </test-method> <!-- setUpBrowser -->
        <test-method signature="loginToApplication(java.lang.String,java.lang.String)[pri:0, instance:testcases.LoginTest@554e218]" started-at="2023-02-25T19:42:19 IST" name="loginToApplication" data-provider="loginDataSet" finished-at="2023-02-25T19:42:19 IST" duration-ms="295" status="PASS">
          <params>
            <param index="0">
              <value>
                <![CDATA[admin@admin.com]]>
              </value>
            </param>
            <param index="1">
              <value>
                <![CDATA[admin]]>
              </value>
            </param>
          </params>
          <reporter-output>
          </reporter-output>
        </test-method> <!-- loginToApplication -->
        <test-method is-config="true" signature="tearDown()[pri:0, instance:testcases.LoginTest@554e218]" started-at="2023-02-25T19:42:20 IST" name="tearDown" finished-at="2023-02-25T19:42:20 IST" duration-ms="250" status="PASS">
          <reporter-output>
          </reporter-output>
        </test-method> <!-- tearDown -->
      </class> <!-- testcases.LoginTest -->
    </test> <!-- Test -->
  </suite> <!-- Suite -->
</testng-results>
