<?xml version="1.0" encoding="UTF-8"?>
<testng-results ignored="0" total="4" passed="4" failed="0" skipped="0">
  <reporter-output>
  </reporter-output>
  <suite started-at="2023-02-25T22:23:19 IST" name="Suite" finished-at="2023-02-25T22:23:37 IST" duration-ms="17682">
    <groups>
    </groups>
    <test started-at="2023-02-25T22:23:19 IST" name="Test" finished-at="2023-02-25T22:23:37 IST" duration-ms="17682">
      <class name="testcases.CreateCourse">
        <test-method is-config="true" signature="setUpBrowser()[pri:0, instance:testcases.CreateCourse@19c65cdc]" started-at="2023-02-25T22:23:19 IST" name="setUpBrowser" finished-at="2023-02-25T22:23:25 IST" duration-ms="5913" status="PASS">
          <reporter-output>
          </reporter-output>
        </test-method> <!-- setUpBrowser -->
        <test-method signature="loginToApplication()[pri:0, instance:testcases.CreateCourse@19c65cdc]" started-at="2023-02-25T22:23:25 IST" name="loginToApplication" finished-at="2023-02-25T22:23:25 IST" duration-ms="25" status="PASS">
          <reporter-output>
          </reporter-output>
        </test-method> <!-- loginToApplication -->
        <test-method is-config="true" signature="tearDown()[pri:0, instance:testcases.CreateCourse@19c65cdc]" started-at="2023-02-25T22:23:26 IST" name="tearDown" finished-at="2023-02-25T22:23:26 IST" duration-ms="322" status="PASS">
          <reporter-output>
          </reporter-output>
        </test-method> <!-- tearDown -->
        <test-method is-config="true" signature="setUpBrowser()[pri:0, instance:testcases.CreateCourse@19c65cdc]" started-at="2023-02-25T22:23:26 IST" name="setUpBrowser" finished-at="2023-02-25T22:23:29 IST" duration-ms="2461" status="PASS">
          <reporter-output>
          </reporter-output>
        </test-method> <!-- setUpBrowser -->
        <test-method signature="test2()[pri:0, instance:testcases.CreateCourse@19c65cdc]" started-at="2023-02-25T22:23:29 IST" name="test2" finished-at="2023-02-25T22:23:29 IST" duration-ms="1" status="PASS">
          <reporter-output>
          </reporter-output>
        </test-method> <!-- test2 -->
        <test-method is-config="true" signature="tearDown()[pri:0, instance:testcases.CreateCourse@19c65cdc]" started-at="2023-02-25T22:23:30 IST" name="tearDown" finished-at="2023-02-25T22:23:30 IST" duration-ms="291" status="PASS">
          <reporter-output>
          </reporter-output>
        </test-method> <!-- tearDown -->
      </class> <!-- testcases.CreateCourse -->
      <class name="testcases.LoginTest">
        <test-method is-config="true" signature="setUpBrowser()[pri:0, instance:testcases.LoginTest@60df60da]" started-at="2023-02-25T22:23:31 IST" name="setUpBrowser" finished-at="2023-02-25T22:23:33 IST" duration-ms="1939" status="PASS">
          <reporter-output>
          </reporter-output>
        </test-method> <!-- setUpBrowser -->
        <test-method signature="loginToApplication(java.lang.String,java.lang.String)[pri:0, instance:testcases.LoginTest@60df60da]" started-at="2023-02-25T22:23:33 IST" name="loginToApplication" data-provider="loginDataSet" finished-at="2023-02-25T22:23:33 IST" duration-ms="325" status="PASS">
          <params>
            <param index="0">
              <value>
                <![CDATA[ineuron@ineuron.ai]]>
              </value>
            </param>
            <param index="1">
              <value>
                <![CDATA[ineuron]]>
              </value>
            </param>
          </params>
          <reporter-output>
          </reporter-output>
        </test-method> <!-- loginToApplication -->
        <test-method is-config="true" signature="tearDown()[pri:0, instance:testcases.LoginTest@60df60da]" started-at="2023-02-25T22:23:34 IST" name="tearDown" finished-at="2023-02-25T22:23:34 IST" duration-ms="290" status="PASS">
          <reporter-output>
          </reporter-output>
        </test-method> <!-- tearDown -->
        <test-method is-config="true" signature="setUpBrowser()[pri:0, instance:testcases.LoginTest@60df60da]" started-at="2023-02-25T22:23:34 IST" name="setUpBrowser" finished-at="2023-02-25T22:23:36 IST" duration-ms="1900" status="PASS">
          <reporter-output>
          </reporter-output>
        </test-method> <!-- setUpBrowser -->
        <test-method signature="loginToApplication(java.lang.String,java.lang.String)[pri:0, instance:testcases.LoginTest@60df60da]" started-at="2023-02-25T22:23:36 IST" name="loginToApplication" data-provider="loginDataSet" finished-at="2023-02-25T22:23:36 IST" duration-ms="353" status="PASS">
          <params>
            <param index="0">
              <value>
                <![CDATA[admin@admin.com]]>
              </value>
            </param>
            <param index="1">
              <value>
                <![CDATA[admin]]>
              </value>
            </param>
          </params>
          <reporter-output>
          </reporter-output>
        </test-method> <!-- loginToApplication -->
        <test-method is-config="true" signature="tearDown()[pri:0, instance:testcases.LoginTest@60df60da]" started-at="2023-02-25T22:23:37 IST" name="tearDown" finished-at="2023-02-25T22:23:37 IST" duration-ms="244" status="PASS">
          <reporter-output>
          </reporter-output>
        </test-method> <!-- tearDown -->
      </class> <!-- testcases.LoginTest -->
    </test> <!-- Test -->
  </suite> <!-- Suite -->
</testng-results>
